<?xml version="1.0" encoding="UTF-8"?>
<testsuite xmlns:xsi="http://www.w3.org/2001/XMLSchema-instance" xsi:noNamespaceSchemaLocation="https://maven.apache.org/surefire/maven-surefire-plugin/xsd/surefire-test-report.xsd" name="org.mipams.jumbf.demo.integration.core.BadRequestParserTests" time="0.135" tests="2" errors="0" skipped="0" failures="0">
  <properties>
[...]
</properties>
  <testcase name="parseBoxFromMetadata" classname="org.mipams.jumbf.demo.integration.core.BadRequestParserTests" time="0.09"/>
  <testcase name="generateBoxRequestInSpecificFile" classname="org.mipams.jumbf.demo.integration.core.BadRequestParserTests" time="0.002"/>
</testsuite>